<?xml version="1.0" encoding="UTF-8"?>
<!-- Generated by org.testng.reporters.JUnitXMLReporter -->
<testsuite hostname="LabVM1847045" failures="9" tests="9" name="Surefire test" time="0.074" errors="0" timestamp="20 Nov 2025 15:41:10 GMT">
  <testcase classname="com.mycompany.quickchat.MessageManagerNGTest" name="testDeleteMessageByHashBoolean" time="0.016">
    <failure type="java.lang.AssertionError" message="expected [] but found [Message with hash &amp;apos;&amp;apos; not found.]">
      <![CDATA[java.lang.AssertionError: expected [] but found [Message with hash '' not found.]
	at com.mycompany.quickchat.MessageManagerNGTest.testDeleteMessageByHashBoolean(MessageManagerNGTest.java:166)
... Removed 34 stack frames]]>
    </failure>
  </testcase> <!-- testDeleteMessageByHashBoolean -->
  <testcase classname="com.mycompany.quickchat.MessageManagerNGTest" name="testDisplayAllSentMessages" time="0.001">
    <failure type="java.lang.AssertionError" message="expected [] but found [No sent messages found.]">
      <![CDATA[java.lang.AssertionError: expected [] but found [No sent messages found.]
	at com.mycompany.quickchat.MessageManagerNGTest.testDisplayAllSentMessages(MessageManagerNGTest.java:118)
... Removed 34 stack frames]]>
    </failure>
  </testcase> <!-- testDisplayAllSentMessages -->
  <testcase classname="com.mycompany.quickchat.MessageManagerNGTest" name="testDisplayFullReport" time="0.0">
    <failure type="java.lang.AssertionError" message="expected [] but found [No messages to report.]">
      <![CDATA[java.lang.AssertionError: expected [] but found [No messages to report.]
	at com.mycompany.quickchat.MessageManagerNGTest.testDisplayFullReport(MessageManagerNGTest.java:178)
... Removed 34 stack frames]]>
    </failure>
  </testcase> <!-- testDisplayFullReport -->
  <testcase classname="com.mycompany.quickchat.MessageManagerNGTest" name="testFindLongestMessage" time="0.001">
    <failure type="java.lang.AssertionError" message="expected [] but found [No sent messages available.]">
      <![CDATA[java.lang.AssertionError: expected [] but found [No sent messages available.]
	at com.mycompany.quickchat.MessageManagerNGTest.testFindLongestMessage(MessageManagerNGTest.java:129)
... Removed 34 stack frames]]>
    </failure>
  </testcase> <!-- testFindLongestMessage -->
  <testcase classname="com.mycompany.quickchat.MessageManagerNGTest" name="testGetDisregardedMessages" time="0.001">
    <failure type="java.lang.AssertionError" message="Collections not equal: expected: null and actual: []">
      <![CDATA[java.lang.AssertionError: Collections not equal: expected: null and actual: []
	at com.mycompany.quickchat.MessageManagerNGTest.testGetDisregardedMessages(MessageManagerNGTest.java:107)
... Removed 32 stack frames]]>
    </failure>
  </testcase> <!-- testGetDisregardedMessages -->
  <testcase classname="com.mycompany.quickchat.MessageManagerNGTest" name="testGetSentMessages" time="0.001">
    <failure type="java.lang.AssertionError" message="Collections not equal: expected: null and actual: []">
      <![CDATA[java.lang.AssertionError: Collections not equal: expected: null and actual: []
	at com.mycompany.quickchat.MessageManagerNGTest.testGetSentMessages(MessageManagerNGTest.java:83)
... Removed 32 stack frames]]>
    </failure>
  </testcase> <!-- testGetSentMessages -->
  <testcase classname="com.mycompany.quickchat.MessageManagerNGTest" name="testGetStoredMessages" time="0.001">
    <failure type="java.lang.AssertionError" message="Collections not equal: expected: null and actual: []">
      <![CDATA[java.lang.AssertionError: Collections not equal: expected: null and actual: []
	at com.mycompany.quickchat.MessageManagerNGTest.testGetStoredMessages(MessageManagerNGTest.java:95)
... Removed 32 stack frames]]>
    </failure>
  </testcase> <!-- testGetStoredMessages -->
  <testcase classname="com.mycompany.quickchat.MessageManagerNGTest" name="testSearchMessageByID" time="0.001">
    <failure type="java.lang.AssertionError" message="expected [] but found [Message with ID &amp;apos;&amp;apos; not found.]">
      <![CDATA[java.lang.AssertionError: expected [] but found [Message with ID '' not found.]
	at com.mycompany.quickchat.MessageManagerNGTest.testSearchMessageByID(MessageManagerNGTest.java:140)
... Removed 34 stack frames]]>
    </failure>
  </testcase> <!-- testSearchMessageByID -->
  <testcase classname="com.mycompany.quickchat.MessageManagerNGTest" name="testSearchMessagesByRecipient" time="0.001">
    <failure type="java.lang.AssertionError" message="expected [] but found [No messages found for recipient: ]">
      <![CDATA[java.lang.AssertionError: expected [] but found [No messages found for recipient: ]
	at com.mycompany.quickchat.MessageManagerNGTest.testSearchMessagesByRecipient(MessageManagerNGTest.java:153)
... Removed 34 stack frames]]>
    </failure>
  </testcase> <!-- testSearchMessagesByRecipient -->
</testsuite> <!-- Surefire test -->
