<?xml version="1.0" encoding="UTF-8"?>
<!-- Generated by org.testng.reporters.JUnitReportReporter -->
<testsuite hostname="LabVM1847045" failures="0" tests="7" name="com.mycompany.quickchat.LoginNGTest" time="0.015" errors="0" timestamp="20 Nov 2025 15:41:10 GMT">
  <testcase classname="com.mycompany.quickchat.LoginNGTest" name="testCellCorrect" time="0.000"/>
  <testcase classname="com.mycompany.quickchat.LoginNGTest" name="testPasswordIncorrect" time="0.001"/>
  <testcase classname="com.mycompany.quickchat.LoginNGTest" name="testUserNameIncorrect" time="0.001"/>
  <testcase classname="com.mycompany.quickchat.LoginNGTest" name="testRegisterAndLogin" time="0.010"/>
  <testcase classname="com.mycompany.quickchat.LoginNGTest" name="testPasswordCorrect" time="0.001"/>
  <testcase classname="com.mycompany.quickchat.LoginNGTest" name="testUserNameCorrect" time="0.001"/>
  <testcase classname="com.mycompany.quickchat.LoginNGTest" name="testCellIncorrect" time="0.001"/>
</testsuite> <!-- com.mycompany.quickchat.LoginNGTest -->
