<?xml version="1.0" encoding="UTF-8"?>
<!-- Generated by org.testng.reporters.JUnitXMLReporter -->
<testsuite hostname="LabVM1847045" failures="0" tests="7" name="Surefire test" time="0.052" errors="0" timestamp="20 Nov 2025 15:41:10 GMT">
  <testcase classname="com.mycompany.quickchat.LoginNGTest" name="testRegisterAndLogin on testRegisterAndLogin(com.mycompany.quickchat.LoginNGTest)" time="0.01"/>
  <testcase classname="com.mycompany.quickchat.LoginNGTest" name="testPasswordCorrect on testPasswordCorrect(com.mycompany.quickchat.LoginNGTest)" time="0.001"/>
  <testcase classname="com.mycompany.quickchat.LoginNGTest" name="testUserNameCorrect on testUserNameCorrect(com.mycompany.quickchat.LoginNGTest)" time="0.001"/>
  <testcase classname="com.mycompany.quickchat.LoginNGTest" name="testPasswordIncorrect on testPasswordIncorrect(com.mycompany.quickchat.LoginNGTest)" time="0.001"/>
  <testcase classname="com.mycompany.quickchat.LoginNGTest" name="testUserNameIncorrect on testUserNameIncorrect(com.mycompany.quickchat.LoginNGTest)" time="0.001"/>
  <testcase classname="com.mycompany.quickchat.LoginNGTest" name="testCellIncorrect on testCellIncorrect(com.mycompany.quickchat.LoginNGTest)" time="0.001"/>
  <testcase classname="com.mycompany.quickchat.LoginNGTest" name="testCellCorrect on testCellCorrect(com.mycompany.quickchat.LoginNGTest)" time="0.0"/>
</testsuite> <!-- Surefire test -->
